<?xml version="1.0" encoding="UTF-8"?>
<!-- Generated by org.testng.reporters.JUnitReportReporter -->
<testsuite hostname="DESKTOP-I9F7QIS" failures="0" tests="6" name="com_testngcode_18March_2023.TutorialNinja_Automation" time="21.702" errors="0" timestamp="2023-03-18T12:17:54 EDT" skipped="0">
  <testcase classname="com_testngcode_18March_2023.TutorialNinja_Automation" name="tearDown" time="2.616"/>
  <system-out/>
  <testcase classname="com_testngcode_18March_2023.TutorialNinja_Automation" name="openBrowser" time="4.779"/>
  <system-out/>
  <testcase classname="com_testngcode_18March_2023.TutorialNinja_Automation" name="clickOnLogOut" time="4.247"/>
  <system-out/>
  <testcase classname="com_testngcode_18March_2023.TutorialNinja_Automation" name="clickOnMyAccount" time="2.408"/>
  <system-out/>
  <testcase classname="com_testngcode_18March_2023.TutorialNinja_Automation" name="clickOnLogIn" time="4.636"/>
  <system-out/>
  <testcase classname="com_testngcode_18March_2023.TutorialNinja_Automation" name="clickOnLoginPage" time="3.016"/>
  <system-out/>
</testsuite> <!-- com_testngcode_18March_2023.TutorialNinja_Automation -->
