<?xml version="1.0" encoding="UTF-8"?>
<!-- Generated by org.testng.reporters.JUnitReportReporter -->
<testsuite hostname="DESKTOP-I9F7QIS" failures="0" tests="4" name="com_testng_25March_2023.AdvancedXpathRedif" time="22.788" errors="0" timestamp="2023-03-25T12:40:13 EDT" skipped="0">
  <testcase classname="com_testng_25March_2023.AdvancedXpathRedif" name="clickMyAccount" time="5.676"/>
  <system-out/>
  <testcase classname="com_testng_25March_2023.AdvancedXpathRedif" name="clickLogin" time="6.762"/>
  <system-out/>
  <testcase classname="com_testng_25March_2023.AdvancedXpathRedif" name="clickLogout" time="7.936"/>
  <system-out/>
  <testcase classname="com_testng_25March_2023.AdvancedXpathRedif" name="tearDown" time="2.414"/>
  <system-out/>
</testsuite> <!-- com_testng_25March_2023.AdvancedXpathRedif -->
