<?xml version="1.0" encoding="UTF-8"?>
<!-- Generated by org.testng.reporters.JUnitReportReporter -->
<testsuite hostname="DESKTOP-I9F7QIS" failures="0" tests="1" name="com.revision.Arpil7th_2023.ParaMeterizationCode" time="14.014" errors="0" timestamp="2023-04-07T17:26:02 EDT" skipped="0">
  <testcase classname="com.revision.Arpil7th_2023.ParaMeterizationCode" name="paraRediffTest" time="14.014"/>
  <system-out/>
</testsuite> <!-- com.revision.Arpil7th_2023.ParaMeterizationCode -->
