<?xml version="1.0" encoding="UTF-8"?>
<!-- Generated by org.testng.reporters.JUnitReportReporter -->
<testsuite hostname="DESKTOP-I9F7QIS" failures="0" tests="3" name="com.automationcode_19thMarch_2023.FaceBookSignUp" time="44.126" errors="0" timestamp="2023-03-25T10:45:25 EDT" skipped="0">
  <testcase classname="com.automationcode_19thMarch_2023.FaceBookSignUp" name="signUpLink" time="8.592"/>
  <system-out/>
  <testcase classname="com.automationcode_19thMarch_2023.FaceBookSignUp" name="enterLoginCredentials" time="34.124"/>
  <system-out/>
  <testcase classname="com.automationcode_19thMarch_2023.FaceBookSignUp" name="tearDown" time="1.410"/>
  <system-out/>
</testsuite> <!-- com.automationcode_19thMarch_2023.FaceBookSignUp -->
