<?xml version="1.0" encoding="UTF-8"?>
<!-- Generated by org.testng.reporters.JUnitReportReporter -->
<testsuite hostname="DESKTOP-I9F7QIS" failures="0" tests="2" name="com.automationcode_19thMarch_2023.IntroductionToXpaths" time="11.558" errors="0" timestamp="2023-03-19T17:59:27 EDT" skipped="0">
  <testcase classname="com.automationcode_19thMarch_2023.IntroductionToXpaths" name="enterLoginCredentials" time="6.756"/>
  <system-out/>
  <testcase classname="com.automationcode_19thMarch_2023.IntroductionToXpaths" name="signOnLink" time="4.802"/>
  <system-out/>
</testsuite> <!-- com.automationcode_19thMarch_2023.IntroductionToXpaths -->
