<?xml version="1.0" encoding="UTF-8"?>
<!-- Generated by org.testng.reporters.JUnitReportReporter -->
<testsuite hostname="DESKTOP-I9F7QIS" failures="0" tests="1" name="learnTestNG.WebElements_with_TN" time="6.886" errors="0" timestamp="2023-03-12T13:59:19 EDT" skipped="0">
  <testcase classname="learnTestNG.WebElements_with_TN" name="loginWithValidCredentials" time="6.886"/>
  <system-out/>
</testsuite> <!-- learnTestNG.WebElements_with_TN -->
