<?xml version="1.0" encoding="UTF-8"?>
<!-- Generated by org.testng.reporters.JUnitReportReporter -->
<testsuite hostname="DESKTOP-I9F7QIS" failures="0" tests="1" name="com.dataproviderExcelSheet_8thApril_2023.TutorialsNinjaLoginTest" time="8.964" errors="0" timestamp="2023-04-08T11:39:43 EDT" skipped="0">
  <testcase classname="com.dataproviderExcelSheet_8thApril_2023.TutorialsNinjaLoginTest" name="rediffLogin" time="8.964"/>
  <system-out/>
</testsuite> <!-- com.dataproviderExcelSheet_8thApril_2023.TutorialsNinjaLoginTest -->
