<?xml version="1.0" encoding="UTF-8"?>
<!-- Generated by org.testng.reporters.JUnitReportReporter -->
<testsuite hostname="DESKTOP-I9F7QIS" failures="0" tests="1" name="com.automationcode_1st_Apr_2023.Action_Keyboard" time="8.751" errors="0" timestamp="2023-04-01T14:40:52 EDT" skipped="0">
  <testcase classname="com.automationcode_1st_Apr_2023.Action_Keyboard" name="keyBoardActionItems" time="8.751"/>
  <system-out/>
</testsuite> <!-- com.automationcode_1st_Apr_2023.Action_Keyboard -->
