<?xml version="1.0" encoding="UTF-8"?>
<!-- Generated by org.testng.reporters.JUnitReportReporter -->
<testsuite hostname="DESKTOP-I9F7QIS" failures="0" tests="7" name="com_testngcode_18March_2023.InvocationCountUse" time="0.008" errors="0" timestamp="2023-03-18T10:49:46 EDT" skipped="0">
  <testcase classname="com_testngcode_18March_2023.InvocationCountUse" name="sample1" time="0.004"/>
  <system-out/>
  <testcase classname="com_testngcode_18March_2023.InvocationCountUse" name="sample2" time="0.001"/>
  <system-out/>
  <testcase classname="com_testngcode_18March_2023.InvocationCountUse" name="sample3" time="0.001"/>
  <system-out/>
  <testcase classname="com_testngcode_18March_2023.InvocationCountUse" name="sample3" time="0.001"/>
  <system-out/>
  <testcase classname="com_testngcode_18March_2023.InvocationCountUse" name="sample3" time="0.001"/>
  <system-out/>
  <testcase classname="com_testngcode_18March_2023.InvocationCountUse" name="sample3" time="0.000"/>
  <system-out/>
  <testcase classname="com_testngcode_18March_2023.InvocationCountUse" name="sample3" time="0.000"/>
  <system-out/>
</testsuite> <!-- com_testngcode_18March_2023.InvocationCountUse -->
